[ 2026-03-18 01:13:01,578 ] 42 root - INFO - Start data Ingestion
[ 2026-03-18 01:13:18,239 ] 77 root - INFO - Performed train-test split
[ 2026-03-18 01:13:18,378 ] 94 root - INFO - Train and test files saved successfully
[ 2026-03-18 01:13:18,379 ] 45 root - INFO - Data Ingestion completed and artifact: DataIngestionArtifact(trained_file_path='Artifacts\\03_18_2026_01_08_29\\data_ingestion\\ingested\\train.csv', test_file_path='Artifacts\\03_18_2026_01_08_29\\data_ingestion\\ingested\\test.csv')
[ 2026-03-18 01:13:18,391 ] 55 root - INFO - Initiate the data Validation
[ 2026-03-18 01:13:18,533 ] 32 root - INFO - Required number of columns:2
[ 2026-03-18 01:13:18,533 ] 33 root - INFO - Data frame has columns:31
[ 2026-03-18 01:13:18,533 ] 32 root - INFO - Required number of columns:2
[ 2026-03-18 01:13:18,534 ] 33 root - INFO - Data frame has columns:31
[ 2026-03-18 01:13:18,898 ] 63 root - INFO - Entered initiate_data_transformation method of DataTransformation class
[ 2026-03-18 01:13:18,899 ] 65 root - INFO - Starting data transformation
[ 2026-03-18 01:13:18,947 ] 48 root - INFO - Entered get_data_trnasformer_object method of Trnasformation class
[ 2026-03-18 01:13:18,947 ] 53 root - INFO - Initialise KNNImputer with {'missing_values': nan, 'n_neighbors': 3, 'weights': 'uniform'}
[ 2026-03-18 01:13:18,990 ] 60 root - INFO - Saving object...
[ 2026-03-18 01:13:18,998 ] 66 root - INFO - Object saved successfully
[ 2026-03-18 01:13:18,999 ] 60 root - INFO - Saving object...
[ 2026-03-18 01:13:19,004 ] 66 root - INFO - Object saved successfully
[ 2026-03-18 01:13:19,037 ] 91 root - INFO - Training model: Random Forest
[ 2026-03-18 01:13:39,630 ] 91 root - INFO - Training model: Decision Tree
[ 2026-03-18 01:13:44,390 ] 91 root - INFO - Training model: Gradient Boosting
[ 2026-03-18 01:13:45,547 ] 91 root - INFO - Training model: Logistic Regression
[ 2026-03-18 01:13:45,608 ] 91 root - INFO - Training model: AdaBoost
[ 2026-03-18 01:14:11,606 ] 60 root - INFO - Saving object...
[ 2026-03-18 01:14:11,664 ] 66 root - INFO - Object saved successfully
[ 2026-03-18 01:14:11,664 ] 132 root - INFO - Model trainer artifact: ModelTrainerArtifact(trained_model_file_path='Artifacts\\03_18_2026_01_08_29\\model_trainer\\trained_model\\model.pkl', train_metric_artifact=ClassificationMetricArtifact(f1_score=0.9908423065311462, precision_score=0.9893488745980707, recall_score=0.9923402539810522), test_metric_artifact=ClassificationMetricArtifact(f1_score=0.9729053772405168, precision_score=0.970074812967581, recall_score=0.975752508361204))
