[ 2026-03-18 01:17:01,516 ] 42 root - INFO - Start data Ingestion
[ 2026-03-18 01:17:20,882 ] 77 root - INFO - Performed train-test split
[ 2026-03-18 01:17:21,018 ] 94 root - INFO - Train and test files saved successfully
[ 2026-03-18 01:17:21,019 ] 45 root - INFO - Data Ingestion completed and artifact: DataIngestionArtifact(trained_file_path='Artifacts\\03_18_2026_01_16_47\\data_ingestion\\ingested\\train.csv', test_file_path='Artifacts\\03_18_2026_01_16_47\\data_ingestion\\ingested\\test.csv')
[ 2026-03-18 01:17:21,035 ] 55 root - INFO - Initiate the data Validation
[ 2026-03-18 01:17:21,151 ] 32 root - INFO - Required number of columns:2
[ 2026-03-18 01:17:21,152 ] 33 root - INFO - Data frame has columns:31
[ 2026-03-18 01:17:21,152 ] 32 root - INFO - Required number of columns:2
[ 2026-03-18 01:17:21,152 ] 33 root - INFO - Data frame has columns:31
[ 2026-03-18 01:17:21,604 ] 63 root - INFO - Entered initiate_data_transformation method of DataTransformation class
[ 2026-03-18 01:17:21,604 ] 65 root - INFO - Starting data transformation
[ 2026-03-18 01:17:21,664 ] 48 root - INFO - Entered get_data_trnasformer_object method of Trnasformation class
[ 2026-03-18 01:17:21,664 ] 53 root - INFO - Initialise KNNImputer with {'missing_values': nan, 'n_neighbors': 3, 'weights': 'uniform'}
[ 2026-03-18 01:17:21,691 ] 60 root - INFO - Saving object...
[ 2026-03-18 01:17:21,699 ] 66 root - INFO - Object saved successfully
[ 2026-03-18 01:17:21,700 ] 60 root - INFO - Saving object...
[ 2026-03-18 01:17:21,710 ] 66 root - INFO - Object saved successfully
[ 2026-03-18 01:17:21,747 ] 91 root - INFO - Training model: Random Forest
[ 2026-03-18 01:17:44,019 ] 91 root - INFO - Training model: Decision Tree
[ 2026-03-18 01:17:50,914 ] 91 root - INFO - Training model: Gradient Boosting
[ 2026-03-18 01:19:11,651 ] 91 root - INFO - Training model: Logistic Regression
[ 2026-03-18 01:19:11,702 ] 91 root - INFO - Training model: AdaBoost
[ 2026-03-18 01:19:30,786 ] 60 root - INFO - Saving object...
[ 2026-03-18 01:19:30,814 ] 66 root - INFO - Object saved successfully
[ 2026-03-18 01:19:30,815 ] 132 root - INFO - Model trainer artifact: ModelTrainerArtifact(trained_model_file_path='Artifacts\\03_18_2026_01_16_47\\model_trainer\\trained_model\\model.pkl', train_metric_artifact=ClassificationMetricArtifact(f1_score=0.9904339945624812, precision_score=0.9891391794046661, recall_score=0.9917322040734019), test_metric_artifact=ClassificationMetricArtifact(f1_score=0.9795918367346939, precision_score=0.9775561097256857, recall_score=0.9816360601001669))
[ 2026-03-18 01:32:22,617 ] 42 root - INFO - Start data Ingestion
[ 2026-03-18 01:32:37,965 ] 77 root - INFO - Performed train-test split
[ 2026-03-18 01:32:38,081 ] 94 root - INFO - Train and test files saved successfully
[ 2026-03-18 01:32:38,082 ] 45 root - INFO - Data Ingestion completed and artifact: DataIngestionArtifact(trained_file_path='Artifacts\\03_18_2026_01_16_47\\data_ingestion\\ingested\\train.csv', test_file_path='Artifacts\\03_18_2026_01_16_47\\data_ingestion\\ingested\\test.csv')
[ 2026-03-18 01:32:38,094 ] 55 root - INFO - Initiate the data Validation
[ 2026-03-18 01:32:38,232 ] 32 root - INFO - Required number of columns:2
[ 2026-03-18 01:32:38,233 ] 33 root - INFO - Data frame has columns:31
[ 2026-03-18 01:32:38,233 ] 32 root - INFO - Required number of columns:2
[ 2026-03-18 01:32:38,233 ] 33 root - INFO - Data frame has columns:31
[ 2026-03-18 01:32:38,604 ] 63 root - INFO - Entered initiate_data_transformation method of DataTransformation class
[ 2026-03-18 01:32:38,604 ] 65 root - INFO - Starting data transformation
[ 2026-03-18 01:32:38,657 ] 48 root - INFO - Entered get_data_trnasformer_object method of Trnasformation class
[ 2026-03-18 01:32:38,658 ] 53 root - INFO - Initialise KNNImputer with {'missing_values': nan, 'n_neighbors': 3, 'weights': 'uniform'}
[ 2026-03-18 01:32:38,701 ] 60 root - INFO - Saving object...
[ 2026-03-18 01:32:38,707 ] 66 root - INFO - Object saved successfully
[ 2026-03-18 01:32:38,708 ] 60 root - INFO - Saving object...
[ 2026-03-18 01:32:38,713 ] 66 root - INFO - Object saved successfully
[ 2026-03-18 01:32:38,750 ] 91 root - INFO - Training model: Random Forest
[ 2026-03-18 01:33:10,984 ] 91 root - INFO - Training model: Decision Tree
[ 2026-03-18 01:33:14,736 ] 91 root - INFO - Training model: Gradient Boosting
[ 2026-03-18 01:33:46,380 ] 91 root - INFO - Training model: Logistic Regression
[ 2026-03-18 01:33:46,456 ] 91 root - INFO - Training model: AdaBoost
[ 2026-03-18 01:34:06,287 ] 60 root - INFO - Saving object...
[ 2026-03-18 01:34:06,398 ] 66 root - INFO - Object saved successfully
[ 2026-03-18 01:34:06,398 ] 132 root - INFO - Model trainer artifact: ModelTrainerArtifact(trained_model_file_path='Artifacts\\03_18_2026_01_16_47\\model_trainer\\trained_model\\model.pkl', train_metric_artifact=ClassificationMetricArtifact(f1_score=0.9928542262147816, precision_score=0.9920440636474909, recall_score=0.9936657131181038), test_metric_artifact=ClassificationMetricArtifact(f1_score=0.9683794466403162, precision_score=0.9668508287292817, recall_score=0.9699129057798892))
[ 2026-03-18 01:37:28,002 ] 42 root - INFO - Start data Ingestion
[ 2026-03-18 01:37:47,314 ] 77 root - INFO - Performed train-test split
[ 2026-03-18 01:37:47,370 ] 94 root - INFO - Train and test files saved successfully
[ 2026-03-18 01:37:47,371 ] 45 root - INFO - Data Ingestion completed and artifact: DataIngestionArtifact(trained_file_path='Artifacts\\03_18_2026_01_16_47\\data_ingestion\\ingested\\train.csv', test_file_path='Artifacts\\03_18_2026_01_16_47\\data_ingestion\\ingested\\test.csv')
[ 2026-03-18 01:37:47,375 ] 55 root - INFO - Initiate the data Validation
[ 2026-03-18 01:37:47,470 ] 32 root - INFO - Required number of columns:2
[ 2026-03-18 01:37:47,471 ] 33 root - INFO - Data frame has columns:31
[ 2026-03-18 01:37:47,471 ] 32 root - INFO - Required number of columns:2
[ 2026-03-18 01:37:47,471 ] 33 root - INFO - Data frame has columns:31
[ 2026-03-18 01:37:47,617 ] 63 root - INFO - Entered initiate_data_transformation method of DataTransformation class
[ 2026-03-18 01:37:47,618 ] 65 root - INFO - Starting data transformation
[ 2026-03-18 01:37:47,652 ] 48 root - INFO - Entered get_data_trnasformer_object method of Trnasformation class
[ 2026-03-18 01:37:47,652 ] 53 root - INFO - Initialise KNNImputer with {'missing_values': nan, 'n_neighbors': 3, 'weights': 'uniform'}
[ 2026-03-18 01:37:47,667 ] 60 root - INFO - Saving object...
[ 2026-03-18 01:37:47,671 ] 66 root - INFO - Object saved successfully
[ 2026-03-18 01:37:47,672 ] 60 root - INFO - Saving object...
[ 2026-03-18 01:37:47,679 ] 66 root - INFO - Object saved successfully
[ 2026-03-18 01:37:47,712 ] 91 root - INFO - Training model: Random Forest
[ 2026-03-18 01:37:50,120 ] 91 root - INFO - Training model: Decision Tree
[ 2026-03-18 01:37:50,364 ] 91 root - INFO - Training model: Gradient Boosting
[ 2026-03-18 01:38:33,932 ] 91 root - INFO - Training model: Logistic Regression
[ 2026-03-18 01:38:33,965 ] 91 root - INFO - Training model: AdaBoost
[ 2026-03-18 01:38:53,693 ] 60 root - INFO - Saving object...
[ 2026-03-18 01:38:53,751 ] 66 root - INFO - Object saved successfully
[ 2026-03-18 01:38:53,751 ] 132 root - INFO - Model trainer artifact: ModelTrainerArtifact(trained_model_file_path='Artifacts\\03_18_2026_01_16_47\\model_trainer\\trained_model\\model.pkl', train_metric_artifact=ClassificationMetricArtifact(f1_score=0.9914720812182741, precision_score=0.9882614855292451, recall_score=0.9947036056223263), test_metric_artifact=ClassificationMetricArtifact(f1_score=0.9753184713375797, precision_score=0.9691455696202531, recall_score=0.9815705128205128))
