[ 2026-03-18 00:40:54,410 ] 42 root - INFO - Start data Ingestion
[ 2026-03-18 00:41:31,428 ] 77 root - INFO - Performed train-test split
[ 2026-03-18 00:41:31,513 ] 94 root - INFO - Train and test files saved successfully
[ 2026-03-18 00:41:31,514 ] 45 root - INFO - Data Ingestion completed and artifact: DataIngestionArtifact(trained_file_path='Artifacts\\03_18_2026_00_39_09\\data_ingestion\\ingested\\train.csv', test_file_path='Artifacts\\03_18_2026_00_39_09\\data_ingestion\\ingested\\test.csv')
[ 2026-03-18 00:41:31,522 ] 55 root - INFO - Initiate the data Validation
[ 2026-03-18 00:41:31,623 ] 32 root - INFO - Required number of columns:2
[ 2026-03-18 00:41:31,623 ] 33 root - INFO - Data frame has columns:31
[ 2026-03-18 00:41:31,623 ] 32 root - INFO - Required number of columns:2
[ 2026-03-18 00:41:31,623 ] 33 root - INFO - Data frame has columns:31
[ 2026-03-18 00:41:31,750 ] 63 root - INFO - Entered initiate_data_transformation method of DataTransformation class
[ 2026-03-18 00:41:31,750 ] 65 root - INFO - Starting data transformation
[ 2026-03-18 00:41:31,774 ] 48 root - INFO - Entered get_data_trnasformer_object method of Trnasformation class
[ 2026-03-18 00:41:31,774 ] 53 root - INFO - Initialise KNNImputer with {'missing_values': nan, 'n_neighbors': 3, 'weights': 'uniform'}
[ 2026-03-18 00:41:31,782 ] 60 root - INFO - Saving object...
[ 2026-03-18 00:41:31,785 ] 66 root - INFO - Object saved successfully
[ 2026-03-18 00:41:31,785 ] 60 root - INFO - Saving object...
[ 2026-03-18 00:41:31,787 ] 66 root - INFO - Object saved successfully
[ 2026-03-18 00:41:31,810 ] 91 root - INFO - Training model: Random Forest
[ 2026-03-18 00:41:41,138 ] 91 root - INFO - Training model: Decision Tree
[ 2026-03-18 00:41:43,296 ] 91 root - INFO - Training model: Gradient Boosting
[ 2026-03-18 00:42:10,101 ] 91 root - INFO - Training model: Logistic Regression
[ 2026-03-18 00:42:10,142 ] 91 root - INFO - Training model: AdaBoost
[ 2026-03-18 00:42:32,057 ] 60 root - INFO - Saving object...
[ 2026-03-18 00:42:32,135 ] 66 root - INFO - Object saved successfully
[ 2026-03-18 00:42:32,136 ] 132 root - INFO - Model trainer artifact: ModelTrainerArtifact(trained_model_file_path='Artifacts\\03_18_2026_00_39_09\\model_trainer\\trained_model\\model.pkl', train_metric_artifact=ClassificationMetricArtifact(f1_score=0.9904030710172744, precision_score=0.9869136299577209, recall_score=0.9939172749391727), test_metric_artifact=ClassificationMetricArtifact(f1_score=0.977327935222672, precision_score=0.9694779116465864, recall_score=0.9853061224489796))
